<?xml version="1.0" encoding="UTF-8"?>
<!-- Generated by org.testng.reporters.JUnitReportReporter -->
<testsuite hostname="f6a0f752bc84594" failures="0" tests="2" name="com.ust.test.SecondTest" time="0.005" errors="0" timestamp="2023-03-30T16:48:16 IST" skipped="0">
  <testcase classname="com.ust.test.SecondTest" name="f" time="0.001"/>
  <system-out/>
  <testcase classname="com.ust.test.SecondTest" name="a" time="0.004"/>
  <system-out/>
</testsuite> <!-- com.ust.test.SecondTest -->
